<?xml version="1.0" encoding="UTF-8"?>
<coverage generated="1580389043">
  <project timestamp="1580389043">
    <package name="liamsorsby\Hystrix\Storage\Adapter">
      <file name="/Users/lso05/personal/php-hystrix/src/liamsorsby/Hystrix/Storage/Adapter/AbstractStorage.php">
        <class name="liamsorsby\Hystrix\Storage\Adapter\AbstractStorage" namespace="liamsorsby\Hystrix\Storage\Adapter" fullPackage="Storage" category="Adapter" package="Storage">
          <metrics complexity="9" methods="5" coveredmethods="5" conditionals="0" coveredconditionals="0" statements="29" coveredstatements="29" elements="34" coveredelements="34"/>
        </class>
        <line num="76" type="method" name="__construct" visibility="public" complexity="1" crap="1" count="7"/>
        <line num="78" type="stmt" count="7"/>
        <line num="79" type="stmt" count="7"/>
        <line num="80" type="stmt" count="7"/>
        <line num="81" type="stmt" count="7"/>
        <line num="82" type="stmt" count="7"/>
        <line num="91" type="method" name="setStorage" visibility="public" complexity="1" crap="1" count="7"/>
        <line num="93" type="stmt" count="7"/>
        <line num="94" type="stmt" count="7"/>
        <line num="101" type="method" name="getStorage" visibility="public" complexity="1" crap="1" count="7"/>
        <line num="103" type="stmt" count="7"/>
        <line num="115" type="method" name="reportFailure" visibility="public" complexity="3" crap="3" count="3"/>
        <line num="117" type="stmt" count="3"/>
        <line num="118" type="stmt" count="3"/>
        <line num="121" type="stmt" count="3"/>
        <line num="123" type="stmt" count="3"/>
        <line num="124" type="stmt" count="2"/>
        <line num="125" type="stmt" count="2"/>
        <line num="126" type="stmt" count="2"/>
        <line num="127" type="stmt" count="2"/>
        <line num="130" type="stmt" count="1"/>
        <line num="131" type="stmt" count="1"/>
        <line num="136" type="stmt" count="3"/>
        <line num="137" type="stmt" count="1"/>
        <line num="138" type="stmt" count="1"/>
        <line num="139" type="stmt" count="1"/>
        <line num="140" type="stmt" count="1"/>
        <line num="143" type="stmt" count="3"/>
        <line num="154" type="method" name="isOpen" visibility="public" complexity="2" crap="2" count="4"/>
        <line num="157" type="stmt" count="4"/>
        <line num="158" type="stmt" count="4"/>
        <line num="159" type="stmt" count="4"/>
        <line num="161" type="stmt" count="1"/>
        <line num="162" type="stmt" count="1"/>
        <metrics loc="175" ncloc="83" classes="1" methods="5" coveredmethods="5" conditionals="0" coveredconditionals="0" statements="29" coveredstatements="29" elements="34" coveredelements="34"/>
      </file>
      <file name="/Users/lso05/personal/php-hystrix/src/liamsorsby/Hystrix/Storage/Adapter/Apc.php">
        <class name="liamsorsby\Hystrix\Storage\Adapter\Apc" namespace="liamsorsby\Hystrix\Storage\Adapter" fullPackage="Storage" category="Adapter" package="Storage">
          <metrics complexity="1" methods="1" coveredmethods="0" conditionals="0" coveredconditionals="0" statements="3" coveredstatements="0" elements="4" coveredelements="0"/>
        </class>
        <line num="39" type="method" name="create" visibility="public" complexity="1" crap="2" count="0"/>
        <line num="41" type="stmt" count="0"/>
        <line num="42" type="stmt" count="0"/>
        <line num="43" type="stmt" count="0"/>
        <metrics loc="44" ncloc="15" classes="1" methods="1" coveredmethods="0" conditionals="0" coveredconditionals="0" statements="3" coveredstatements="0" elements="4" coveredelements="0"/>
      </file>
      <file name="/Users/lso05/personal/php-hystrix/src/liamsorsby/Hystrix/Storage/Adapter/Memcached.php">
        <class name="liamsorsby\Hystrix\Storage\Adapter\Memcached" namespace="liamsorsby\Hystrix\Storage\Adapter" fullPackage="Storage" category="Adapter" package="Storage">
          <metrics complexity="1" methods="1" coveredmethods="0" conditionals="0" coveredconditionals="0" statements="4" coveredstatements="0" elements="5" coveredelements="0"/>
        </class>
        <line num="39" type="method" name="create" visibility="public" complexity="1" crap="2" count="0"/>
        <line num="41" type="stmt" count="0"/>
        <line num="42" type="stmt" count="0"/>
        <line num="43" type="stmt" count="0"/>
        <line num="44" type="stmt" count="0"/>
        <metrics loc="45" ncloc="16" classes="1" methods="1" coveredmethods="0" conditionals="0" coveredconditionals="0" statements="4" coveredstatements="0" elements="5" coveredelements="0"/>
      </file>
      <file name="/Users/lso05/personal/php-hystrix/src/liamsorsby/Hystrix/Storage/Adapter/Redis.php">
        <class name="liamsorsby\Hystrix\Storage\Adapter\Redis" namespace="liamsorsby\Hystrix\Storage\Adapter" fullPackage="Storage" category="Adapter" package="Storage">
          <metrics complexity="1" methods="1" coveredmethods="0" conditionals="0" coveredconditionals="0" statements="10" coveredstatements="0" elements="11" coveredelements="0"/>
        </class>
        <line num="39" type="method" name="create" visibility="public" complexity="1" crap="2" count="0"/>
        <line num="41" type="stmt" count="0"/>
        <line num="42" type="stmt" count="0"/>
        <line num="43" type="stmt" count="0"/>
        <line num="44" type="stmt" count="0"/>
        <line num="45" type="stmt" count="0"/>
        <line num="46" type="stmt" count="0"/>
        <line num="47" type="stmt" count="0"/>
        <line num="48" type="stmt" count="0"/>
        <line num="50" type="stmt" count="0"/>
        <line num="51" type="stmt" count="0"/>
        <metrics loc="52" ncloc="23" classes="1" methods="1" coveredmethods="0" conditionals="0" coveredconditionals="0" statements="10" coveredstatements="0" elements="11" coveredelements="0"/>
      </file>
      <file name="/Users/lso05/personal/php-hystrix/src/liamsorsby/Hystrix/Storage/Adapter/RedisArray.php">
        <class name="liamsorsby\Hystrix\Storage\Adapter\RedisArray" namespace="liamsorsby\Hystrix\Storage\Adapter" fullPackage="Storage" category="Adapter" package="Storage">
          <metrics complexity="1" methods="1" coveredmethods="0" conditionals="0" coveredconditionals="0" statements="4" coveredstatements="0" elements="5" coveredelements="0"/>
        </class>
        <line num="39" type="method" name="create" visibility="public" complexity="1" crap="2" count="0"/>
        <line num="41" type="stmt" count="0"/>
        <line num="42" type="stmt" count="0"/>
        <line num="43" type="stmt" count="0"/>
        <line num="44" type="stmt" count="0"/>
        <metrics loc="45" ncloc="16" classes="1" methods="1" coveredmethods="0" conditionals="0" coveredconditionals="0" statements="4" coveredstatements="0" elements="5" coveredelements="0"/>
      </file>
      <file name="/Users/lso05/personal/php-hystrix/src/liamsorsby/Hystrix/Storage/Adapter/RedisCluster.php">
        <class name="liamsorsby\Hystrix\Storage\Adapter\RedisCluster" namespace="liamsorsby\Hystrix\Storage\Adapter" fullPackage="Storage" category="Adapter" package="Storage">
          <metrics complexity="1" methods="1" coveredmethods="0" conditionals="0" coveredconditionals="0" statements="8" coveredstatements="0" elements="9" coveredelements="0"/>
        </class>
        <line num="41" type="method" name="create" visibility="public" complexity="1" crap="2" count="0"/>
        <line num="43" type="stmt" count="0"/>
        <line num="44" type="stmt" count="0"/>
        <line num="45" type="stmt" count="0"/>
        <line num="46" type="stmt" count="0"/>
        <line num="47" type="stmt" count="0"/>
        <line num="48" type="stmt" count="0"/>
        <line num="51" type="stmt" count="0"/>
        <line num="52" type="stmt" count="0"/>
        <metrics loc="53" ncloc="22" classes="1" methods="1" coveredmethods="0" conditionals="0" coveredconditionals="0" statements="8" coveredstatements="0" elements="9" coveredelements="0"/>
      </file>
    </package>
    <package name="liamsorsby\Hystrix\Storage">
      <file name="/Users/lso05/personal/php-hystrix/src/liamsorsby/Hystrix/Storage/StorageException.php">
        <class name="liamsorsby\Hystrix\Storage\StorageException" namespace="liamsorsby\Hystrix\Storage" fullPackage="Storage" category="Adapter" package="Storage">
          <metrics complexity="0" methods="0" coveredmethods="0" conditionals="0" coveredconditionals="0" statements="0" coveredstatements="0" elements="0" coveredelements="0"/>
        </class>
        <metrics loc="32" ncloc="9" classes="0" methods="0" coveredmethods="0" conditionals="0" coveredconditionals="0" statements="0" coveredstatements="0" elements="0" coveredelements="0"/>
      </file>
      <file name="/Users/lso05/personal/php-hystrix/src/liamsorsby/Hystrix/Storage/StorageFactory.php">
        <class name="liamsorsby\Hystrix\Storage\StorageFactory" namespace="liamsorsby\Hystrix\Storage" fullPackage="Storage" category="Adapter" package="Storage">
          <metrics complexity="15" methods="7" coveredmethods="2" conditionals="0" coveredconditionals="0" statements="50" coveredstatements="20" elements="57" coveredelements="22"/>
        </class>
        <line num="63" type="method" name="create" visibility="public" complexity="6" crap="6" count="6"/>
        <line num="65" type="stmt" count="6"/>
        <line num="68" type="stmt" count="6"/>
        <line num="69" type="stmt" count="1"/>
        <line num="70" type="stmt" count="5"/>
        <line num="71" type="stmt" count="1"/>
        <line num="72" type="stmt" count="4"/>
        <line num="73" type="stmt" count="1"/>
        <line num="74" type="stmt" count="3"/>
        <line num="75" type="stmt" count="1"/>
        <line num="76" type="stmt" count="2"/>
        <line num="77" type="stmt" count="1"/>
        <line num="79" type="stmt" count="1"/>
        <line num="80" type="stmt" count="1"/>
        <line num="92" type="method" name="createMemcachedAdapter" visibility="protected" complexity="1" crap="2" count="0"/>
        <line num="94" type="stmt" count="0"/>
        <line num="95" type="stmt" count="0"/>
        <line num="96" type="stmt" count="0"/>
        <line num="97" type="stmt" count="0"/>
        <line num="100" type="stmt" count="0"/>
        <line num="102" type="stmt" count="0"/>
        <line num="114" type="method" name="createRedisClusterAdapter" visibility="protected" complexity="1" crap="2" count="0"/>
        <line num="116" type="stmt" count="0"/>
        <line num="117" type="stmt" count="0"/>
        <line num="118" type="stmt" count="0"/>
        <line num="119" type="stmt" count="0"/>
        <line num="122" type="stmt" count="0"/>
        <line num="124" type="stmt" count="0"/>
        <line num="136" type="method" name="createRedisArrayAdapter" visibility="protected" complexity="1" crap="2" count="0"/>
        <line num="138" type="stmt" count="0"/>
        <line num="139" type="stmt" count="0"/>
        <line num="140" type="stmt" count="0"/>
        <line num="141" type="stmt" count="0"/>
        <line num="144" type="stmt" count="0"/>
        <line num="146" type="stmt" count="0"/>
        <line num="158" type="method" name="createRedisAdapter" visibility="protected" complexity="1" crap="2" count="0"/>
        <line num="160" type="stmt" count="0"/>
        <line num="161" type="stmt" count="0"/>
        <line num="162" type="stmt" count="0"/>
        <line num="163" type="stmt" count="0"/>
        <line num="166" type="stmt" count="0"/>
        <line num="168" type="stmt" count="0"/>
        <line num="178" type="method" name="createApcuAdapter" visibility="protected" complexity="1" crap="2" count="0"/>
        <line num="180" type="stmt" count="0"/>
        <line num="181" type="stmt" count="0"/>
        <line num="182" type="stmt" count="0"/>
        <line num="183" type="stmt" count="0"/>
        <line num="186" type="stmt" count="0"/>
        <line num="188" type="stmt" count="0"/>
        <line num="198" type="method" name="normaliseOptions" visibility="protected" complexity="4" crap="4" count="6"/>
        <line num="200" type="stmt" count="6"/>
        <line num="201" type="stmt" count="6"/>
        <line num="204" type="stmt" count="6"/>
        <line num="205" type="stmt" count="6"/>
        <line num="208" type="stmt" count="6"/>
        <line num="209" type="stmt" count="6"/>
        <line num="212" type="stmt" count="6"/>
        <metrics loc="214" ncloc="129" classes="1" methods="7" coveredmethods="2" conditionals="0" coveredconditionals="0" statements="50" coveredstatements="20" elements="57" coveredelements="22"/>
      </file>
    </package>
    <file name="/Users/lso05/personal/php-hystrix/src/liamsorsby/Hystrix/Storage/StorageInterface.php">
      <metrics loc="50" ncloc="11" classes="0" methods="0" coveredmethods="0" conditionals="0" coveredconditionals="0" statements="0" coveredstatements="0" elements="0" coveredelements="0"/>
    </file>
    <metrics files="9" loc="710" ncloc="324" classes="7" methods="17" coveredmethods="7" conditionals="0" coveredconditionals="0" statements="108" coveredstatements="49" elements="125" coveredelements="56"/>
  </project>
</coverage>
